<?xml version="1.0" encoding="UTF-8"?>
<!-- Generated by org.testng.reporters.JUnitReportReporter -->
<testsuite skipped="0" hostname="DESKTOP-SLQDHQD" name="package2.ProductPageTest" tests="1" failures="0" timestamp="11 Dec 2019 05:31:54 GMT" time="19.838" errors="0">
  <testcase name="verifyLogin" time="19.838" classname="package2.ProductPageTest"/>
</testsuite> <!-- package2.ProductPageTest -->
