<?xml version="1.0" encoding="UTF-8"?>
<!-- Generated by org.testng.reporters.JUnitReportReporter -->
<testsuite skipped="0" hostname="DESKTOP-SLQDHQD" name="package2.HomePageTest" tests="3" failures="0" timestamp="11 Dec 2019 04:18:55 GMT" time="14.552" errors="0">
  <testcase name="verifySubscription" time="2.878" classname="package2.HomePageTest"/>
  <testcase name="verifyNavigation" time="11.518" classname="package2.HomePageTest"/>
  <testcase name="verifyTabs" time="0.156" classname="package2.HomePageTest"/>
</testsuite> <!-- package2.HomePageTest -->
