<?xml version="1.0" encoding="UTF-8"?>
<!-- Generated by org.testng.reporters.JUnitReportReporter -->
<testsuite skipped="0" hostname="DESKTOP-SLQDHQD" name="package2.Excel" tests="1" failures="0" timestamp="12 Dec 2019 13:36:46 GMT" time="1.452" errors="0">
  <testcase name="Excel" time="1.452" classname="package2.Excel"/>
</testsuite> <!-- package2.Excel -->
