<?xml version="1.0" encoding="UTF-8"?>
<!-- Generated by org.testng.reporters.JUnitReportReporter -->
<testsuite skipped="0" hostname="DESKTOP-SLQDHQD" name="package2.DressPageTest" tests="3" failures="0" timestamp="11 Dec 2019 04:38:17 GMT" time="10.326" errors="0">
  <testcase name="verifyAddToCart" time="4.926" classname="package2.DressPageTest"/>
  <testcase name="verifyProductCount" time="2.484" classname="package2.DressPageTest"/>
  <testcase name="verifyIcons" time="2.916" classname="package2.DressPageTest"/>
</testsuite> <!-- package2.DressPageTest -->
