<?xml version="1.0" encoding="UTF-8"?>
<!-- Generated by org.testng.reporters.JUnitReportReporter -->
<testsuite hostname="DESKTOP-SLQDHQD" name="package2.ProductPageTest" tests="1" failures="0" timestamp="11 Dec 2019 14:22:06 GMT" time="20.521" errors="0">
  <testcase name="verifyLogin" time="20.521" classname="package2.ProductPageTest"/>
</testsuite> <!-- package2.ProductPageTest -->
